TN:
SF:knexfile.js
FNF:0
FNH:0
DA:1,1
DA:2,1
DA:3,1
DA:4,1
DA:5,1
DA:6,1
DA:7,1
DA:8,1
DA:9,1
DA:10,1
DA:11,1
DA:12,1
DA:13,1
DA:14,1
DA:15,1
DA:16,1
DA:17,1
DA:18,1
DA:19,1
DA:20,1
DA:21,1
DA:22,1
DA:23,1
DA:24,1
DA:25,1
DA:26,1
DA:27,1
DA:28,1
LF:28
LH:28
BRF:0
BRH:0
end_of_record
TN:
SF:api\users\users-model.js
FN:3,getAll
FN:7,getById
FNF:2
FNH:2
FNDA:1,getAll
FNDA:1,getById
DA:1,1
DA:2,1
DA:3,1
DA:4,1
DA:5,1
DA:6,1
DA:7,1
DA:8,1
DA:9,1
DA:10,1
LF:10
LH:10
BRDA:3,0,0,1
BRDA:7,1,0,1
BRF:2
BRH:2
end_of_record
TN:
SF:data\db-config.js
FNF:0
FNH:0
DA:1,1
DA:2,1
DA:3,1
DA:4,1
DA:5,1
LF:5
LH:5
BRDA:4,0,0,0
BRF:1
BRH:0
end_of_record
TN:
SF:data\migrations\20241121184239_initial_migration.js
FN:1,Object.<anonymous>.exports.up
FN:9,Object.<anonymous>.exports.down
FNF:2
FNH:2
FNDA:1,Object.<anonymous>.exports.up
FNDA:1,Object.<anonymous>.exports.down
DA:1,1
DA:2,1
DA:3,1
DA:4,1
DA:5,1
DA:6,1
DA:7,1
DA:8,1
DA:9,1
DA:10,1
DA:11,1
LF:11
LH:11
BRDA:1,0,0,1
BRDA:2,1,0,1
BRDA:9,2,0,1
BRF:3
BRH:3
end_of_record
TN:
SF:data\seeds\initial_seed.js
FN:1,Object.<anonymous>.exports.seed
FNF:1
FNH:1
FNDA:3,Object.<anonymous>.exports.seed
DA:1,1
DA:2,3
DA:3,3
DA:4,3
DA:5,3
DA:6,3
DA:7,3
DA:8,3
DA:9,3
DA:10,3
LF:10
LH:10
BRDA:1,0,0,3
BRDA:4,1,0,3
BRF:2
BRH:2
end_of_record
